<?xml version="1.0" encoding="UTF-8"?>
<!-- Generated by org.testng.reporters.JUnitReportReporter -->
<testsuite skipped="0" hostname="LDCHLAP-PRADEEP" name="Practice.NewTest" tests="1" failures="0" timestamp="2020-11-09T20:37:02 IST" time="22.222" errors="0">
  <testcase name="f" time="22.222" classname="Practice.NewTest"/>
  <system-out/>
</testsuite> <!-- Practice.NewTest -->
